Determining if the pthread_create exist failed with the following output:
Change Dir: /home/optimusprime/Robot_Ignite_Academy/catkin_ws/build/CMakeFiles/CMakeTmp

Run Build Command:"/usr/bin/make" "cmTC_eb2e7/fast"
/usr/bin/make -f CMakeFiles/cmTC_eb2e7.dir/build.make CMakeFiles/cmTC_eb2e7.dir/build
make[1]: Entering directory '/home/optimusprime/Robot_Ignite_Academy/catkin_ws/build/CMakeFiles/CMakeTmp'
Building C object CMakeFiles/cmTC_eb2e7.dir/CheckSymbolExists.c.o
/usr/bin/cc    -o CMakeFiles/cmTC_eb2e7.dir/CheckSymbolExists.c.o   -c /home/optimusprime/Robot_Ignite_Academy/catkin_ws/build/CMakeFiles/CMakeTmp/CheckSymbolExists.c
Linking C executable cmTC_eb2e7
/usr/local/bin/cmake -E cmake_link_script CMakeFiles/cmTC_eb2e7.dir/link.txt --verbose=1
/usr/bin/cc      -rdynamic CMakeFiles/cmTC_eb2e7.dir/CheckSymbolExists.c.o  -o cmTC_eb2e7 
CMakeFiles/cmTC_eb2e7.dir/CheckSymbolExists.c.o: In function `main':
CheckSymbolExists.c:(.text+0x16): undefined reference to `pthread_create'
collect2: error: ld returned 1 exit status
CMakeFiles/cmTC_eb2e7.dir/build.make:86: recipe for target 'cmTC_eb2e7' failed
make[1]: *** [cmTC_eb2e7] Error 1
make[1]: Leaving directory '/home/optimusprime/Robot_Ignite_Academy/catkin_ws/build/CMakeFiles/CMakeTmp'
Makefile:121: recipe for target 'cmTC_eb2e7/fast' failed
make: *** [cmTC_eb2e7/fast] Error 2

File /home/optimusprime/Robot_Ignite_Academy/catkin_ws/build/CMakeFiles/CMakeTmp/CheckSymbolExists.c:
/* */
#include <pthread.h>

int main(int argc, char** argv)
{
  (void)argv;
#ifndef pthread_create
  return ((int*)(&pthread_create))[argc];
#else
  (void)argc;
  return 0;
#endif
}

Determining if the function pthread_create exists in the pthreads failed with the following output:
Change Dir: /home/optimusprime/Robot_Ignite_Academy/catkin_ws/build/CMakeFiles/CMakeTmp

Run Build Command:"/usr/bin/make" "cmTC_9a412/fast"
/usr/bin/make -f CMakeFiles/cmTC_9a412.dir/build.make CMakeFiles/cmTC_9a412.dir/build
make[1]: Entering directory '/home/optimusprime/Robot_Ignite_Academy/catkin_ws/build/CMakeFiles/CMakeTmp'
Building C object CMakeFiles/cmTC_9a412.dir/CheckFunctionExists.c.o
/usr/bin/cc   -DCHECK_FUNCTION_EXISTS=pthread_create   -o CMakeFiles/cmTC_9a412.dir/CheckFunctionExists.c.o   -c /usr/local/share/cmake-3.13/Modules/CheckFunctionExists.c
Linking C executable cmTC_9a412
/usr/local/bin/cmake -E cmake_link_script CMakeFiles/cmTC_9a412.dir/link.txt --verbose=1
/usr/bin/cc  -DCHECK_FUNCTION_EXISTS=pthread_create    -rdynamic CMakeFiles/cmTC_9a412.dir/CheckFunctionExists.c.o  -o cmTC_9a412 -lpthreads 
/usr/bin/ld: cannot find -lpthreads
collect2: error: ld returned 1 exit status
CMakeFiles/cmTC_9a412.dir/build.make:86: recipe for target 'cmTC_9a412' failed
make[1]: *** [cmTC_9a412] Error 1
make[1]: Leaving directory '/home/optimusprime/Robot_Ignite_Academy/catkin_ws/build/CMakeFiles/CMakeTmp'
Makefile:121: recipe for target 'cmTC_9a412/fast' failed
make: *** [cmTC_9a412/fast] Error 2


